[ INFO] Fri 2023-10-27 23:20:33 [Thread-3] GameLoop.(Line - ) - Game started.
[ INFO] Fri 2023-10-27 23:20:34 [JavaFX Application Thread] GameLoop.(Line - ) - x:300.4500374584667 y:600.176852768666 left:true right:false sprint:false
[ INFO] Fri 2023-10-27 23:20:35 [JavaFX Application Thread] GameLoop.(Line - ) - x:183.45003745846668 y:600.176852768666 left:true right:true sprint:true
[ INFO] Fri 2023-10-27 23:20:35 [JavaFX Application Thread] GameLoop.(Line - ) - shot fired at x:267.4500374584667 y:600.176852768666
[ INFO] Fri 2023-10-27 23:20:35 [JavaFX Application Thread] GameLoop.(Line - ) - shot fired at x:333.4500374584667 y:600.176852768666
[ INFO] Fri 2023-10-27 23:20:35 [JavaFX Application Thread] GameLoop.(Line - ) - Removing particle [ Path : assets/shotSprite-Sheet.png
[ INFO] Fri 2023-10-27 23:20:35 [JavaFX Application Thread] GameLoop.(Line - ) - shot fired at x:399.4500374584667 y:600.176852768666
[ INFO] Fri 2023-10-27 23:20:35 [JavaFX Application Thread] GameLoop.(Line - ) - Removing particle [ Path : assets/shotSprite-Sheet.png
[ INFO] Fri 2023-10-27 23:20:36 [JavaFX Application Thread] GameLoop.(Line - ) - x:447.4500374584667 y:600.176852768666 left:true right:true sprint:true
[ INFO] Fri 2023-10-27 23:20:36 [JavaFX Application Thread] GameLoop.(Line - ) - shot fired at x:441.4500374584667 y:600.176852768666
[ INFO] Fri 2023-10-27 23:20:36 [JavaFX Application Thread] GameLoop.(Line - ) - Removing particle [ Path : assets/shotSprite-Sheet.png
[ INFO] Fri 2023-10-27 23:20:36 [JavaFX Application Thread] GameLoop.(Line - ) - Score has been updated to: 1
[ INFO] Fri 2023-10-27 23:20:36 [JavaFX Application Thread] GameLoop.(Line - ) - shot fired at x:381.4500374584667 y:600.176852768666
[ INFO] Fri 2023-10-27 23:20:36 [JavaFX Application Thread] GameLoop.(Line - ) - Removing particle [ Path : assets/shotSprite-Sheet.png
[ INFO] Fri 2023-10-27 23:20:36 [JavaFX Application Thread] GameLoop.(Line - ) - Score has been updated to: 2
[ INFO] Fri 2023-10-27 23:20:36 [JavaFX Application Thread] GameLoop.(Line - ) - Removing particle [ Path : assets/bulletFlashSprite-Sheet.png
[ INFO] Fri 2023-10-27 23:20:36 [JavaFX Application Thread] GameLoop.(Line - ) - shot fired at x:321.4500374584667 y:600.176852768666
[ INFO] Fri 2023-10-27 23:20:36 [JavaFX Application Thread] GameLoop.(Line - ) - Removing particle [ Path : assets/shotSprite-Sheet.png
[ INFO] Fri 2023-10-27 23:20:36 [JavaFX Application Thread] GameLoop.(Line - ) - Score has been updated to: 3
[ INFO] Fri 2023-10-27 23:20:36 [JavaFX Application Thread] GameLoop.(Line - ) - Removing particle [ Path : assets/bulletFlashSprite-Sheet.png
[ INFO] Fri 2023-10-27 23:20:36 [JavaFX Application Thread] GameLoop.(Line - ) - shot fired at x:255.45003745846668 y:600.176852768666
[ INFO] Fri 2023-10-27 23:20:36 [JavaFX Application Thread] GameLoop.(Line - ) - Removing particle [ Path : assets/shotSprite-Sheet.png
[ INFO] Fri 2023-10-27 23:20:36 [JavaFX Application Thread] GameLoop.(Line - ) - Score has been updated to: 4
[ INFO] Fri 2023-10-27 23:20:36 [JavaFX Application Thread] GameLoop.(Line - ) - Removing particle [ Path : assets/bulletFlashSprite-Sheet.png
[ INFO] Fri 2023-10-27 23:20:36 [JavaFX Application Thread] GameLoop.(Line - ) - shot fired at x:189.45003745846668 y:600.176852768666
[ INFO] Fri 2023-10-27 23:20:36 [JavaFX Application Thread] GameLoop.(Line - ) - Removing particle [ Path : assets/shotSprite-Sheet.png
[ INFO] Fri 2023-10-27 23:20:36 [JavaFX Application Thread] GameLoop.(Line - ) - Score has been updated to: 5
[ INFO] Fri 2023-10-27 23:20:36 [JavaFX Application Thread] GameLoop.(Line - ) - Removing particle [ Path : assets/bulletFlashSprite-Sheet.png
[ INFO] Fri 2023-10-27 23:20:36 [JavaFX Application Thread] GameLoop.(Line - ) - shot fired at x:123.45003745846668 y:600.176852768666
[ INFO] Fri 2023-10-27 23:20:36 [JavaFX Application Thread] GameLoop.(Line - ) - x:117.45003745846668 y:600.176852768666 left:true right:true sprint:true
[ INFO] Fri 2023-10-27 23:20:36 [JavaFX Application Thread] GameLoop.(Line - ) - Removing particle [ Path : assets/shotSprite-Sheet.png
[ INFO] Fri 2023-10-27 23:20:37 [JavaFX Application Thread] GameLoop.(Line - ) - Removing particle [ Path : assets/debris.png
[ INFO] Fri 2023-10-27 23:20:37 [JavaFX Application Thread] GameLoop.(Line - ) - Removing particle [ Path : assets/debris.png
[ INFO] Fri 2023-10-27 23:20:37 [JavaFX Application Thread] GameLoop.(Line - ) - Removing particle [ Path : assets/debris.png
[ INFO] Fri 2023-10-27 23:20:37 [JavaFX Application Thread] GameLoop.(Line - ) - Removing particle [ Path : assets/debris.png
[ INFO] Fri 2023-10-27 23:20:37 [JavaFX Application Thread] GameLoop.(Line - ) - Removing particle [ Path : assets/bulletFlashSprite-Sheet.png
[ INFO] Fri 2023-10-27 23:20:37 [JavaFX Application Thread] GameLoop.(Line - ) - Removing particle [ Path : assets/debris.png
[ INFO] Fri 2023-10-27 23:20:37 [JavaFX Application Thread] GameLoop.(Line - ) - Removing particle [ Path : assets/debris.png
[ INFO] Fri 2023-10-27 23:20:37 [JavaFX Application Thread] GameLoop.(Line - ) - Score has been updated to: 7
[ INFO] Fri 2023-10-27 23:20:37 [JavaFX Application Thread] GameLoop.(Line - ) - shot fired at x:153.45003745846668 y:600.176852768666
[ INFO] Fri 2023-10-27 23:20:37 [JavaFX Application Thread] GameLoop.(Line - ) - Removing particle [ Path : assets/debris.png
[ INFO] Fri 2023-10-27 23:20:37 [JavaFX Application Thread] GameLoop.(Line - ) - Removing particle [ Path : assets/shotSprite-Sheet.png
[ INFO] Fri 2023-10-27 23:20:37 [JavaFX Application Thread] GameLoop.(Line - ) - Removing particle [ Path : assets/debris.png
[ INFO] Fri 2023-10-27 23:20:37 [JavaFX Application Thread] GameLoop.(Line - ) - Removing particle [ Path : assets/debris.png
[ INFO] Fri 2023-10-27 23:20:37 [JavaFX Application Thread] GameLoop.(Line - ) - Score has been updated to: 8
[ INFO] Fri 2023-10-27 23:20:37 [JavaFX Application Thread] GameLoop.(Line - ) - Removing particle [ Path : assets/debris.png
[ INFO] Fri 2023-10-27 23:20:37 [JavaFX Application Thread] GameLoop.(Line - ) - shot fired at x:207.45003745846668 y:600.176852768666
[ INFO] Fri 2023-10-27 23:20:37 [JavaFX Application Thread] GameLoop.(Line - ) - Removing particle [ Path : assets/debris.png
[ INFO] Fri 2023-10-27 23:20:37 [JavaFX Application Thread] GameLoop.(Line - ) - Removing particle [ Path : assets/debris.png
[ INFO] Fri 2023-10-27 23:20:37 [JavaFX Application Thread] GameLoop.(Line - ) - Removing particle [ Path : assets/debris.png
[ INFO] Fri 2023-10-27 23:20:37 [JavaFX Application Thread] GameLoop.(Line - ) - Removing particle [ Path : assets/debris.png
[ INFO] Fri 2023-10-27 23:20:37 [JavaFX Application Thread] GameLoop.(Line - ) - Removing particle [ Path : assets/bulletFlashSprite-Sheet.png
[ INFO] Fri 2023-10-27 23:20:37 [JavaFX Application Thread] GameLoop.(Line - ) - Removing particle [ Path : assets/debris.png
[ INFO] Fri 2023-10-27 23:20:37 [JavaFX Application Thread] GameLoop.(Line - ) - Removing particle [ Path : assets/shotSprite-Sheet.png
[ INFO] Fri 2023-10-27 23:20:37 [JavaFX Application Thread] GameLoop.(Line - ) - Removing particle [ Path : assets/debris.png
[ INFO] Fri 2023-10-27 23:20:37 [JavaFX Application Thread] GameLoop.(Line - ) - Score has been updated to: 9
[ INFO] Fri 2023-10-27 23:20:37 [JavaFX Application Thread] GameLoop.(Line - ) - Removing particle [ Path : assets/debris.png
[ INFO] Fri 2023-10-27 23:20:37 [JavaFX Application Thread] GameLoop.(Line - ) - Removing particle [ Path : assets/bulletFlashSprite-Sheet.png
[ INFO] Fri 2023-10-27 23:20:37 [JavaFX Application Thread] GameLoop.(Line - ) - Removing particle [ Path : assets/debris.png
[ INFO] Fri 2023-10-27 23:20:37 [JavaFX Application Thread] GameLoop.(Line - ) - shot fired at x:273.4500374584667 y:600.176852768666
[ INFO] Fri 2023-10-27 23:20:37 [JavaFX Application Thread] GameLoop.(Line - ) - Removing particle [ Path : assets/shotSprite-Sheet.png
[ INFO] Fri 2023-10-27 23:20:37 [JavaFX Application Thread] GameLoop.(Line - ) - Removing particle [ Path : assets/debris.png
[ INFO] Fri 2023-10-27 23:20:37 [JavaFX Application Thread] GameLoop.(Line - ) - Removing particle [ Path : assets/debris.png
[ INFO] Fri 2023-10-27 23:20:37 [JavaFX Application Thread] GameLoop.(Line - ) - Removing particle [ Path : assets/debris.png
[ INFO] Fri 2023-10-27 23:20:37 [JavaFX Application Thread] GameLoop.(Line - ) - Removing particle [ Path : assets/debris.png
[ INFO] Fri 2023-10-27 23:20:37 [JavaFX Application Thread] GameLoop.(Line - ) - Removing particle [ Path : assets/bulletFlashSprite-Sheet.png
[ INFO] Fri 2023-10-27 23:20:37 [JavaFX Application Thread] GameLoop.(Line - ) - shot fired at x:327.4500374584667 y:600.176852768666
[ INFO] Fri 2023-10-27 23:20:37 [JavaFX Application Thread] GameLoop.(Line - ) - Removing particle [ Path : assets/debris.png
[ INFO] Fri 2023-10-27 23:20:37 [JavaFX Application Thread] GameLoop.(Line - ) - Removing particle [ Path : assets/shotSprite-Sheet.png
[ INFO] Fri 2023-10-27 23:20:37 [JavaFX Application Thread] GameLoop.(Line - ) - Removing particle [ Path : assets/debris.png
[ INFO] Fri 2023-10-27 23:20:37 [JavaFX Application Thread] GameLoop.(Line - ) - Removing particle [ Path : assets/debris.png
[ INFO] Fri 2023-10-27 23:20:37 [JavaFX Application Thread] GameLoop.(Line - ) - Removing particle [ Path : assets/debris.png
[ INFO] Fri 2023-10-27 23:20:37 [JavaFX Application Thread] GameLoop.(Line - ) - x:387.4500374584667 y:600.176852768666 left:true right:true sprint:true
[ INFO] Fri 2023-10-27 23:20:37 [JavaFX Application Thread] GameLoop.(Line - ) - Removing particle [ Path : assets/debris.png
[ INFO] Fri 2023-10-27 23:20:37 [JavaFX Application Thread] GameLoop.(Line - ) - shot fired at x:387.4500374584667 y:600.176852768666
[ INFO] Fri 2023-10-27 23:20:37 [JavaFX Application Thread] GameLoop.(Line - ) - Removing particle [ Path : assets/shotSprite-Sheet.png
[ INFO] Fri 2023-10-27 23:20:37 [JavaFX Application Thread] GameLoop.(Line - ) - Score has been updated to: 10
[ INFO] Fri 2023-10-27 23:20:37 [JavaFX Application Thread] GameLoop.(Line - ) - Removing particle [ Path : assets/debris.png
[ INFO] Fri 2023-10-27 23:20:37 [JavaFX Application Thread] GameLoop.(Line - ) - Removing particle [ Path : assets/debris.png
[ INFO] Fri 2023-10-27 23:20:37 [JavaFX Application Thread] GameLoop.(Line - ) - Removing particle [ Path : assets/debris.png
[ INFO] Fri 2023-10-27 23:20:37 [JavaFX Application Thread] GameLoop.(Line - ) - Removing particle [ Path : assets/debris.png
[ INFO] Fri 2023-10-27 23:20:37 [JavaFX Application Thread] GameLoop.(Line - ) - Score has been updated to: 11
[ INFO] Fri 2023-10-27 23:20:37 [JavaFX Application Thread] GameLoop.(Line - ) - Removing particle [ Path : assets/debris.png
[ INFO] Fri 2023-10-27 23:20:37 [JavaFX Application Thread] GameLoop.(Line - ) - Removing particle [ Path : assets/debris.png
[ INFO] Fri 2023-10-27 23:20:38 [JavaFX Application Thread] GameLoop.(Line - ) - Removing particle [ Path : assets/debris.png
[ INFO] Fri 2023-10-27 23:20:38 [JavaFX Application Thread] GameLoop.(Line - ) - Removing particle [ Path : assets/debris.png
[ INFO] Fri 2023-10-27 23:20:38 [JavaFX Application Thread] GameLoop.(Line - ) - Removing particle [ Path : assets/debris.png
[ INFO] Fri 2023-10-27 23:20:38 [JavaFX Application Thread] GameLoop.(Line - ) - Removing particle [ Path : assets/shotSprite-Sheet.png
[ INFO] Fri 2023-10-27 23:20:38 [JavaFX Application Thread] GameLoop.(Line - ) - Removing particle [ Path : assets/bulletFlashSprite-Sheet.png
[ INFO] Fri 2023-10-27 23:20:38 [JavaFX Application Thread] GameLoop.(Line - ) - Removing particle [ Path : assets/debris.png
[ INFO] Fri 2023-10-27 23:20:38 [JavaFX Application Thread] GameLoop.(Line - ) - Removing particle [ Path : assets/debris.png
[ INFO] Fri 2023-10-27 23:20:38 [JavaFX Application Thread] GameLoop.(Line - ) - Removing particle [ Path : assets/debris.png
[ INFO] Fri 2023-10-27 23:20:38 [JavaFX Application Thread] GameLoop.(Line - ) - Removing particle [ Path : assets/bulletFlashSprite-Sheet.png
[ INFO] Fri 2023-10-27 23:20:38 [JavaFX Application Thread] GameLoop.(Line - ) - Score has been updated to: 13
[ INFO] Fri 2023-10-27 23:20:38 [JavaFX Application Thread] GameLoop.(Line - ) - Removing particle [ Path : assets/debris.png
[ INFO] Fri 2023-10-27 23:20:38 [JavaFX Application Thread] GameLoop.(Line - ) - Removing particle [ Path : assets/debris.png
[ INFO] Fri 2023-10-27 23:20:38 [JavaFX Application Thread] GameLoop.(Line - ) - Removing particle [ Path : assets/debris.png
[ INFO] Fri 2023-10-27 23:20:38 [JavaFX Application Thread] GameLoop.(Line - ) - special fired at x:291.4500374584667 y:600.176852768666
[ INFO] Fri 2023-10-27 23:20:38 [JavaFX Application Thread] GameLoop.(Line - ) - Removing particle [ Path : assets/debris.png
[ INFO] Fri 2023-10-27 23:20:38 [JavaFX Application Thread] GameLoop.(Line - ) - Score has been updated to: 15
[ INFO] Fri 2023-10-27 23:20:38 [JavaFX Application Thread] GameLoop.(Line - ) - Removing particle [ Path : assets/debris.png
[ INFO] Fri 2023-10-27 23:20:38 [JavaFX Application Thread] GameLoop.(Line - ) - Removing particle [ Path : assets/bulletFlashSprite-Sheet.png
[ INFO] Fri 2023-10-27 23:20:38 [JavaFX Application Thread] GameLoop.(Line - ) - Removing particle [ Path : assets/debris.png
[ INFO] Fri 2023-10-27 23:20:38 [JavaFX Application Thread] GameLoop.(Line - ) - Removing particle [ Path : assets/debris.png
[ INFO] Fri 2023-10-27 23:20:38 [JavaFX Application Thread] GameLoop.(Line - ) - Removing particle [ Path : assets/debris.png
[ INFO] Fri 2023-10-27 23:20:38 [JavaFX Application Thread] GameLoop.(Line - ) - Removing particle [ Path : assets/debris.png
[ INFO] Fri 2023-10-27 23:20:38 [JavaFX Application Thread] GameLoop.(Line - ) - Score has been updated to: 16
[ INFO] Fri 2023-10-27 23:20:38 [JavaFX Application Thread] GameLoop.(Line - ) - Removing particle [ Path : assets/bulletFlashSprite-Sheet.png
[ INFO] Fri 2023-10-27 23:20:38 [JavaFX Application Thread] GameLoop.(Line - ) - Removing particle [ Path : assets/debris.png
[ INFO] Fri 2023-10-27 23:20:38 [JavaFX Application Thread] GameLoop.(Line - ) - Removing particle [ Path : assets/debris.png
[ INFO] Fri 2023-10-27 23:20:38 [JavaFX Application Thread] GameLoop.(Line - ) - Removing particle [ Path : assets/debris.png
[ INFO] Fri 2023-10-27 23:20:38 [JavaFX Application Thread] GameLoop.(Line - ) - Removing particle [ Path : assets/debris.png
[ INFO] Fri 2023-10-27 23:20:38 [JavaFX Application Thread] GameLoop.(Line - ) - Removing particle [ Path : assets/debris.png
[ INFO] Fri 2023-10-27 23:20:38 [JavaFX Application Thread] GameLoop.(Line - ) - Removing particle [ Path : assets/debris.png
[ INFO] Fri 2023-10-27 23:20:38 [JavaFX Application Thread] GameLoop.(Line - ) - Removing particle [ Path : assets/debris.png
[ INFO] Fri 2023-10-27 23:20:38 [JavaFX Application Thread] GameLoop.(Line - ) - Removing particle [ Path : assets/debris.png
[ INFO] Fri 2023-10-27 23:20:38 [JavaFX Application Thread] GameLoop.(Line - ) - Removing particle [ Path : assets/debris.png
[ INFO] Fri 2023-10-27 23:20:38 [JavaFX Application Thread] GameLoop.(Line - ) - Removing particle [ Path : assets/bulletFlashSprite-Sheet.png
[ INFO] Fri 2023-10-27 23:20:38 [JavaFX Application Thread] GameLoop.(Line - ) - Score has been updated to: 26
[ INFO] Fri 2023-10-27 23:20:38 [JavaFX Application Thread] GameLoop.(Line - ) - Removing particle [ Path : assets/debris.png
[ INFO] Fri 2023-10-27 23:20:38 [JavaFX Application Thread] GameLoop.(Line - ) - Removing particle [ Path : assets/debris.png
[ INFO] Fri 2023-10-27 23:20:38 [JavaFX Application Thread] GameLoop.(Line - ) - Removing particle [ Path : assets/debris.png
[ INFO] Fri 2023-10-27 23:20:38 [JavaFX Application Thread] GameLoop.(Line - ) - Removing particle [ Path : assets/debris.png
[ INFO] Fri 2023-10-27 23:20:38 [JavaFX Application Thread] GameLoop.(Line - ) - x:102.45003745846668 y:600.176852768666 left:true right:true sprint:true
[ INFO] Fri 2023-10-27 23:20:39 [JavaFX Application Thread] GameLoop.(Line - ) - Removing particle [ Path : assets/debris.png
[ INFO] Fri 2023-10-27 23:20:39 [JavaFX Application Thread] GameLoop.(Line - ) - Removing particle [ Path : assets/stunFlashSprite-Sheet-export.png
[ INFO] Fri 2023-10-27 23:20:39 [JavaFX Application Thread] GameLoop.(Line - ) - Removing particle [ Path : assets/debris.png
[ INFO] Fri 2023-10-27 23:20:39 [JavaFX Application Thread] GameLoop.(Line - ) - Removing particle [ Path : assets/debris.png
[ INFO] Fri 2023-10-27 23:20:39 [JavaFX Application Thread] GameLoop.(Line - ) - Removing particle [ Path : assets/debris.png
[ INFO] Fri 2023-10-27 23:20:39 [JavaFX Application Thread] GameLoop.(Line - ) - Removing particle [ Path : assets/debris.png
[ INFO] Fri 2023-10-27 23:20:39 [JavaFX Application Thread] GameLoop.(Line - ) - Removing particle [ Path : assets/debris.png
[ INFO] Fri 2023-10-27 23:20:39 [JavaFX Application Thread] GameLoop.(Line - ) - Removing particle [ Path : assets/debris.png
[ INFO] Fri 2023-10-27 23:20:39 [JavaFX Application Thread] GameLoop.(Line - ) - Removing particle [ Path : assets/debris.png
[ INFO] Fri 2023-10-27 23:20:39 [JavaFX Application Thread] GameLoop.(Line - ) - shot fired at x:210.45003745846668 y:600.176852768666
[ INFO] Fri 2023-10-27 23:20:39 [JavaFX Application Thread] GameLoop.(Line - ) - Removing particle [ Path : assets/debris.png
[ INFO] Fri 2023-10-27 23:20:39 [JavaFX Application Thread] GameLoop.(Line - ) - Removing particle [ Path : assets/debris.png
[ INFO] Fri 2023-10-27 23:20:39 [JavaFX Application Thread] GameLoop.(Line - ) - Removing particle [ Path : assets/debris.png
[ INFO] Fri 2023-10-27 23:20:39 [JavaFX Application Thread] GameLoop.(Line - ) - Removing particle [ Path : assets/debris.png
[ INFO] Fri 2023-10-27 23:20:39 [JavaFX Application Thread] GameLoop.(Line - ) - shot fired at x:246.45003745846668 y:600.176852768666
[ INFO] Fri 2023-10-27 23:20:39 [JavaFX Application Thread] GameLoop.(Line - ) - Removing particle [ Path : assets/shotSprite-Sheet.png
[ INFO] Fri 2023-10-27 23:20:39 [JavaFX Application Thread] GameLoop.(Line - ) - Removing particle [ Path : assets/debris.png
[ INFO] Fri 2023-10-27 23:20:39 [JavaFX Application Thread] GameLoop.(Line - ) - Removing particle [ Path : assets/debris.png
[ INFO] Fri 2023-10-27 23:20:39 [JavaFX Application Thread] GameLoop.(Line - ) - Removing particle [ Path : assets/debris.png
[ INFO] Fri 2023-10-27 23:20:39 [JavaFX Application Thread] GameLoop.(Line - ) - x:264.4500374584667 y:600.176852768666 left:false right:true sprint:false
[ INFO] Fri 2023-10-27 23:20:39 [JavaFX Application Thread] GameLoop.(Line - ) - shot fired at x:267.4500374584667 y:600.176852768666
[ INFO] Fri 2023-10-27 23:20:39 [JavaFX Application Thread] GameLoop.(Line - ) - Removing particle [ Path : assets/debris.png
[ INFO] Fri 2023-10-27 23:20:39 [JavaFX Application Thread] GameLoop.(Line - ) - Removing particle [ Path : assets/debris.png
[ INFO] Fri 2023-10-27 23:20:39 [JavaFX Application Thread] GameLoop.(Line - ) - Removing particle [ Path : assets/shotSprite-Sheet.png
[ INFO] Fri 2023-10-27 23:20:39 [JavaFX Application Thread] GameLoop.(Line - ) - Removing particle [ Path : assets/debris.png
[ INFO] Fri 2023-10-27 23:20:39 [JavaFX Application Thread] GameLoop.(Line - ) - Removing particle [ Path : assets/debris.png
[ INFO] Fri 2023-10-27 23:20:39 [JavaFX Application Thread] GameLoop.(Line - ) - Removing particle [ Path : assets/debris.png
[ INFO] Fri 2023-10-27 23:20:39 [JavaFX Application Thread] GameLoop.(Line - ) - shot fired at x:297.4500374584667 y:600.176852768666
[ INFO] Fri 2023-10-27 23:20:39 [JavaFX Application Thread] GameLoop.(Line - ) - Removing particle [ Path : assets/debris.png
[ INFO] Fri 2023-10-27 23:20:39 [JavaFX Application Thread] GameLoop.(Line - ) - Removing particle [ Path : assets/shotSprite-Sheet.png
[ INFO] Fri 2023-10-27 23:20:39 [JavaFX Application Thread] GameLoop.(Line - ) - shot fired at x:324.4500374584667 y:600.176852768666
[ INFO] Fri 2023-10-27 23:20:39 [JavaFX Application Thread] GameLoop.(Line - ) - Removing particle [ Path : assets/shotSprite-Sheet.png
[ INFO] Fri 2023-10-27 23:20:40 [JavaFX Application Thread] GameLoop.(Line - ) - Score has been updated to: 27
[ INFO] Fri 2023-10-27 23:20:40 [JavaFX Application Thread] GameLoop.(Line - ) - Removing particle [ Path : assets/debris.png
[ INFO] Fri 2023-10-27 23:20:40 [JavaFX Application Thread] GameLoop.(Line - ) - Removing particle [ Path : assets/debris.png
[ INFO] Fri 2023-10-27 23:20:40 [JavaFX Application Thread] GameLoop.(Line - ) - shot fired at x:351.4500374584667 y:600.176852768666
[ INFO] Fri 2023-10-27 23:20:40 [JavaFX Application Thread] GameLoop.(Line - ) - Removing particle [ Path : assets/shotSprite-Sheet.png
[ INFO] Fri 2023-10-27 23:20:40 [JavaFX Application Thread] GameLoop.(Line - ) - Score has been updated to: 28
[ INFO] Fri 2023-10-27 23:20:40 [JavaFX Application Thread] GameLoop.(Line - ) - Removing particle [ Path : assets/bulletFlashSprite-Sheet.png
[ INFO] Fri 2023-10-27 23:20:40 [JavaFX Application Thread] GameLoop.(Line - ) - shot fired at x:378.4500374584667 y:600.176852768666
[ INFO] Fri 2023-10-27 23:20:40 [JavaFX Application Thread] GameLoop.(Line - ) - Removing particle [ Path : assets/shotSprite-Sheet.png
[ INFO] Fri 2023-10-27 23:20:40 [JavaFX Application Thread] GameLoop.(Line - ) - Score has been updated to: 30
[ INFO] Fri 2023-10-27 23:20:40 [JavaFX Application Thread] GameLoop.(Line - ) - x:402.4500374584667 y:600.176852768666 left:true right:true sprint:false
[ INFO] Fri 2023-10-27 23:20:40 [JavaFX Application Thread] GameLoop.(Line - ) - Removing particle [ Path : assets/bulletFlashSprite-Sheet.png
[ INFO] Fri 2023-10-27 23:20:40 [JavaFX Application Thread] GameLoop.(Line - ) - shot fired at x:402.4500374584667 y:600.176852768666
[ INFO] Fri 2023-10-27 23:20:40 [JavaFX Application Thread] GameLoop.(Line - ) - Removing particle [ Path : assets/shotSprite-Sheet.png
[ INFO] Fri 2023-10-27 23:20:40 [JavaFX Application Thread] GameLoop.(Line - ) - Removing particle [ Path : assets/debris.png
[ INFO] Fri 2023-10-27 23:20:40 [JavaFX Application Thread] GameLoop.(Line - ) - Removing particle [ Path : assets/bulletFlashSprite-Sheet.png
[ INFO] Fri 2023-10-27 23:20:40 [JavaFX Application Thread] GameLoop.(Line - ) - shot fired at x:378.4500374584667 y:600.176852768666
[ INFO] Fri 2023-10-27 23:20:40 [JavaFX Application Thread] GameLoop.(Line - ) - Removing particle [ Path : assets/debris.png
[ INFO] Fri 2023-10-27 23:20:40 [JavaFX Application Thread] GameLoop.(Line - ) - Removing particle [ Path : assets/shotSprite-Sheet.png
[ INFO] Fri 2023-10-27 23:20:40 [JavaFX Application Thread] GameLoop.(Line - ) - Score has been updated to: 32
[ INFO] Fri 2023-10-27 23:20:40 [JavaFX Application Thread] GameLoop.(Line - ) - Removing particle [ Path : assets/debris.png
[ INFO] Fri 2023-10-27 23:20:40 [JavaFX Application Thread] GameLoop.(Line - ) - Removing particle [ Path : assets/debris.png
[ INFO] Fri 2023-10-27 23:20:40 [JavaFX Application Thread] GameLoop.(Line - ) - shot fired at x:348.4500374584667 y:600.176852768666
[ INFO] Fri 2023-10-27 23:20:40 [JavaFX Application Thread] GameLoop.(Line - ) - Removing particle [ Path : assets/debris.png
[ INFO] Fri 2023-10-27 23:20:40 [JavaFX Application Thread] GameLoop.(Line - ) - Removing particle [ Path : assets/shotSprite-Sheet.png
[ INFO] Fri 2023-10-27 23:20:40 [JavaFX Application Thread] GameLoop.(Line - ) - Score has been updated to: 34
[ INFO] Fri 2023-10-27 23:20:40 [JavaFX Application Thread] GameLoop.(Line - ) - Removing particle [ Path : assets/debris.png
[ INFO] Fri 2023-10-27 23:20:40 [JavaFX Application Thread] GameLoop.(Line - ) - Removing particle [ Path : assets/debris.png
[ INFO] Fri 2023-10-27 23:20:40 [JavaFX Application Thread] GameLoop.(Line - ) - Removing particle [ Path : assets/bulletFlashSprite-Sheet.png
[ INFO] Fri 2023-10-27 23:20:40 [JavaFX Application Thread] GameLoop.(Line - ) - Removing particle [ Path : assets/shotSprite-Sheet.png
[ INFO] Fri 2023-10-27 23:20:40 [JavaFX Application Thread] GameLoop.(Line - ) - Score has been updated to: 35
[ INFO] Fri 2023-10-27 23:20:40 [JavaFX Application Thread] GameLoop.(Line - ) - Removing particle [ Path : assets/bulletFlashSprite-Sheet.png
[ INFO] Fri 2023-10-27 23:20:40 [JavaFX Application Thread] GameLoop.(Line - ) - Score has been updated to: 36
[ INFO] Fri 2023-10-27 23:20:41 [JavaFX Application Thread] GameLoop.(Line - ) - Removing particle [ Path : assets/debris.png
[ INFO] Fri 2023-10-27 23:20:41 [JavaFX Application Thread] GameLoop.(Line - ) - Removing particle [ Path : assets/bulletFlashSprite-Sheet.png
[ INFO] Fri 2023-10-27 23:20:41 [JavaFX Application Thread] GameLoop.(Line - ) - Removing particle [ Path : assets/debris.png
[ INFO] Fri 2023-10-27 23:20:41 [JavaFX Application Thread] GameLoop.(Line - ) - Removing particle [ Path : assets/debris.png
[ INFO] Fri 2023-10-27 23:20:41 [JavaFX Application Thread] GameLoop.(Line - ) - Removing particle [ Path : assets/bulletFlashSprite-Sheet.png
[ INFO] Fri 2023-10-27 23:20:41 [JavaFX Application Thread] GameLoop.(Line - ) - Removing particle [ Path : assets/debris.png
[ INFO] Fri 2023-10-27 23:20:41 [JavaFX Application Thread] GameLoop.(Line - ) - x:255.45003745846668 y:600.176852768666 left:true right:true sprint:false
[ INFO] Fri 2023-10-27 23:20:41 [JavaFX Application Thread] GameLoop.(Line - ) - Removing particle [ Path : assets/debris.png
[ INFO] Fri 2023-10-27 23:20:41 [JavaFX Application Thread] GameLoop.(Line - ) - Removing particle [ Path : assets/debris.png
[ INFO] Fri 2023-10-27 23:20:41 [JavaFX Application Thread] GameLoop.(Line - ) - Removing particle [ Path : assets/debris.png
[ INFO] Fri 2023-10-27 23:20:41 [JavaFX Application Thread] GameLoop.(Line - ) - Removing particle [ Path : assets/debris.png
[ INFO] Fri 2023-10-27 23:20:41 [JavaFX Application Thread] GameLoop.(Line - ) - Removing particle [ Path : assets/debris.png
[ INFO] Fri 2023-10-27 23:20:41 [JavaFX Application Thread] GameLoop.(Line - ) - Removing particle [ Path : assets/debris.png
[ INFO] Fri 2023-10-27 23:20:41 [JavaFX Application Thread] GameLoop.(Line - ) - Removing particle [ Path : assets/debris.png
[ INFO] Fri 2023-10-27 23:20:41 [JavaFX Application Thread] GameLoop.(Line - ) - x:291.4500374584667 y:600.176852768666 left:true right:true sprint:false
[ INFO] Fri 2023-10-27 23:20:41 [JavaFX Application Thread] GameLoop.(Line - ) - Removing particle [ Path : assets/debris.png
[ INFO] Fri 2023-10-27 23:20:41 [JavaFX Application Thread] GameLoop.(Line - ) - Removing particle [ Path : assets/debris.png
[ INFO] Fri 2023-10-27 23:20:41 [JavaFX Application Thread] GameLoop.(Line - ) - Removing particle [ Path : assets/debris.png
[ INFO] Fri 2023-10-27 23:20:41 [JavaFX Application Thread] GameLoop.(Line - ) - Removing particle [ Path : assets/debris.png
[ INFO] Fri 2023-10-27 23:20:41 [JavaFX Application Thread] GameLoop.(Line - ) - Removing particle [ Path : assets/debris.png
[ INFO] Fri 2023-10-27 23:20:41 [JavaFX Application Thread] GameLoop.(Line - ) - Removing particle [ Path : assets/debris.png
[ INFO] Fri 2023-10-27 23:20:41 [JavaFX Application Thread] GameLoop.(Line - ) - Removing particle [ Path : assets/debris.png
[ INFO] Fri 2023-10-27 23:20:41 [JavaFX Application Thread] GameLoop.(Line - ) - Removing particle [ Path : assets/debris.png
[ INFO] Fri 2023-10-27 23:20:41 [JavaFX Application Thread] GameLoop.(Line - ) - Removing particle [ Path : assets/debris.png
[ INFO] Fri 2023-10-27 23:20:41 [JavaFX Application Thread] GameLoop.(Line - ) - Removing particle [ Path : assets/debris.png
[ INFO] Fri 2023-10-27 23:20:41 [JavaFX Application Thread] GameLoop.(Line - ) - Removing particle [ Path : assets/debris.png
[ INFO] Fri 2023-10-27 23:20:41 [JavaFX Application Thread] GameLoop.(Line - ) - Removing particle [ Path : assets/debris.png
[ INFO] Fri 2023-10-27 23:20:41 [JavaFX Application Thread] GameLoop.(Line - ) - Removing particle [ Path : assets/debris.png
[ INFO] Fri 2023-10-27 23:20:41 [JavaFX Application Thread] GameLoop.(Line - ) - Removing particle [ Path : assets/debris.png
[ INFO] Fri 2023-10-27 23:20:41 [JavaFX Application Thread] GameLoop.(Line - ) - Removing particle [ Path : assets/debris.png
[ INFO] Fri 2023-10-27 23:20:41 [JavaFX Application Thread] GameLoop.(Line - ) - Removing particle [ Path : assets/debris.png
[ INFO] Fri 2023-10-27 23:20:41 [JavaFX Application Thread] GameLoop.(Line - ) - x:240.45003745846668 y:600.176852768666 left:false right:true sprint:true
[ INFO] Fri 2023-10-27 23:20:41 [JavaFX Application Thread] GameLoop.(Line - ) - player now using homing gun
[ INFO] Fri 2023-10-27 23:20:41 [JavaFX Application Thread] GameLoop.(Line - ) - Removing particle [ Path : assets/debris.png
[ INFO] Fri 2023-10-27 23:20:41 [JavaFX Application Thread] GameLoop.(Line - ) - Removing particle [ Path : assets/debris.png
[ INFO] Fri 2023-10-27 23:20:42 [JavaFX Application Thread] GameLoop.(Line - ) - Removing particle [ Path : assets/debris.png
[ INFO] Fri 2023-10-27 23:20:42 [JavaFX Application Thread] GameLoop.(Line - ) - Removing particle [ Path : assets/debris.png
[ INFO] Fri 2023-10-27 23:20:42 [JavaFX Application Thread] GameLoop.(Line - ) - x:348.4500374584667 y:600.176852768666 left:true right:false sprint:true
[ INFO] Fri 2023-10-27 23:20:42 [JavaFX Application Thread] GameLoop.(Line - ) - Removing particle [ Path : assets/debris.png
[ INFO] Fri 2023-10-27 23:20:42 [JavaFX Application Thread] GameLoop.(Line - ) - Removing particle [ Path : assets/debris.png
[ INFO] Fri 2023-10-27 23:20:42 [JavaFX Application Thread] GameLoop.(Line - ) - Removing particle [ Path : assets/debris.png
[ INFO] Fri 2023-10-27 23:20:42 [JavaFX Application Thread] GameLoop.(Line - ) - x:306.4500374584667 y:600.176852768666 left:true right:true sprint:true
[ INFO] Fri 2023-10-27 23:20:42 [JavaFX Application Thread] GameLoop.(Line - ) - Removing particle [ Path : assets/debris.png
[ INFO] Fri 2023-10-27 23:20:42 [JavaFX Application Thread] GameLoop.(Line - ) - player now using scatter gun
[ INFO] Fri 2023-10-27 23:20:42 [JavaFX Application Thread] GameLoop.(Line - ) - x:444.4500374584667 y:600.176852768666 left:true right:true sprint:true
[ INFO] Fri 2023-10-27 23:20:42 [JavaFX Application Thread] GameLoop.(Line - ) - shot fired at x:408.4500374584667 y:600.176852768666
[ INFO] Fri 2023-10-27 23:20:42 [JavaFX Application Thread] GameLoop.(Line - ) - shot fired at x:348.4500374584667 y:600.176852768666
[ INFO] Fri 2023-10-27 23:20:42 [JavaFX Application Thread] GameLoop.(Line - ) - Removing particle [ Path : assets/shotSprite-Sheet.png
[ INFO] Fri 2023-10-27 23:20:42 [JavaFX Application Thread] GameLoop.(Line - ) - x:339.4500374584667 y:600.176852768666 left:false right:true sprint:false
[ INFO] Fri 2023-10-27 23:20:43 [JavaFX Application Thread] GameLoop.(Line - ) - shot fired at x:351.4500374584667 y:600.176852768666
[ INFO] Fri 2023-10-27 23:20:43 [JavaFX Application Thread] GameLoop.(Line - ) - Removing particle [ Path : assets/shotSprite-Sheet.png
[ INFO] Fri 2023-10-27 23:20:43 [JavaFX Application Thread] GameLoop.(Line - ) - shot fired at x:384.4500374584667 y:600.176852768666
[ INFO] Fri 2023-10-27 23:20:43 [JavaFX Application Thread] GameLoop.(Line - ) - x:387.4500374584667 y:600.176852768666 left:true right:true sprint:false
[ INFO] Fri 2023-10-27 23:20:43 [JavaFX Application Thread] GameLoop.(Line - ) - Removing particle [ Path : assets/shotSprite-Sheet.png
[ INFO] Fri 2023-10-27 23:20:43 [JavaFX Application Thread] GameLoop.(Line - ) - Removing particle [ Path : assets/shotSprite-Sheet.png
[ INFO] Fri 2023-10-27 23:20:43 [JavaFX Application Thread] GameLoop.(Line - ) - Score has been updated to: 37
[ INFO] Fri 2023-10-27 23:20:44 [JavaFX Application Thread] GameLoop.(Line - ) - Removing particle [ Path : assets/bulletFlashSprite-Sheet.png
[ INFO] Fri 2023-10-27 23:20:44 [JavaFX Application Thread] GameLoop.(Line - ) - x:3.4500374584666815 y:600.176852768666 left:true right:true sprint:true
[ INFO] Fri 2023-10-27 23:20:44 [JavaFX Application Thread] GameLoop.(Line - ) - Removing particle [ Path : assets/debris.png
[ INFO] Fri 2023-10-27 23:20:44 [JavaFX Application Thread] GameLoop.(Line - ) - Removing particle [ Path : assets/debris.png
[ INFO] Fri 2023-10-27 23:20:44 [JavaFX Application Thread] GameLoop.(Line - ) - Removing particle [ Path : assets/debris.png
[ INFO] Fri 2023-10-27 23:20:44 [JavaFX Application Thread] GameLoop.(Line - ) - x:51.45003745846668 y:600.176852768666 left:false right:true sprint:false
[ INFO] Fri 2023-10-27 23:20:44 [JavaFX Application Thread] GameLoop.(Line - ) - Removing particle [ Path : assets/debris.png
[ INFO] Fri 2023-10-27 23:20:45 [JavaFX Application Thread] GameLoop.(Line - ) - Removing particle [ Path : assets/debris.png
[ INFO] Fri 2023-10-27 23:20:45 [JavaFX Application Thread] GameLoop.(Line - ) - Removing particle [ Path : assets/debris.png
[ INFO] Fri 2023-10-27 23:20:45 [JavaFX Application Thread] GameLoop.(Line - ) - x:78.45003745846668 y:600.176852768666 left:false right:true sprint:false
[ INFO] Fri 2023-10-27 23:20:46 [JavaFX Application Thread] GameLoop.(Line - ) - x:237.45003745846668 y:600.176852768666 left:true right:true sprint:false
[ INFO] Fri 2023-10-27 23:20:46 [JavaFX Application Thread] GameLoop.(Line - ) - x:219.45003745846668 y:600.176852768666 left:true right:true sprint:false
[ INFO] Fri 2023-10-27 23:20:46 [JavaFX Application Thread] GameLoop.(Line - ) - x:231.45003745846668 y:600.176852768666 left:true right:true sprint:false
[ INFO] Fri 2023-10-27 23:20:46 [JavaFX Application Thread] GameLoop.(Line - ) - x:225.45003745846668 y:600.176852768666 left:true right:true sprint:false
[ INFO] Fri 2023-10-27 23:20:48 [JavaFX Application Thread] Character.(Line - ) - boss created : scatter
